Using pre-set license
Built from '2021.1/staging' branch; Version is '2021.1.6f1 (c0fade0cc7e9) revision 12647134'; Using compiler version '192528614'; Build Type 'Release'
OS: 'Windows 10 Home China; OS build 19042.1466; Version 2009; 64bit' Language: 'zh' Physical Memory: 15295 MB
BatchMode: 1, IsHumanControllingUs: 0, StartBugReporterOnCrash: 0, Is64bit: 1, IsPro: 0

 COMMAND LINE ARGUMENTS:
D:\unity\2021.1.6f1\Editor\Unity.exe
-adb2
-batchMode
-noUpm
-name
AssetImportWorker0
-projectPath
D:/unity/projects/character
-logFile
Logs/AssetImportWorker0.log
-srvPort
14350
Successfully changed project path to: D:/unity/projects/character
D:/unity/projects/character
Using Asset Import Pipeline V2.
Refreshing native plugins compatible for Editor in 90.00 ms, found 1 plugins.
Preloading 0 native plugins for Editor in 0.00 ms.
Initialize engine version: 2021.1.6f1 (c0fade0cc7e9)
[Subsystems] Discovering subsystems at path D:/unity/2021.1.6f1/Editor/Data/Resources/UnitySubsystems
[Subsystems] Discovering subsystems at path D:/unity/projects/character/Assets
GfxDevice: creating device client; threaded=0; jobified=0
Direct3D:
    Version:  Direct3D 11.0 [level 11.1]
    Renderer: AMD Radeon(TM) Vega 8 Graphics (ID=0x15d8)
    Vendor:   ATI
    VRAM:     7647 MB
    Driver:   26.20.11030.22001
Initialize mono
Mono path[0] = 'D:/unity/2021.1.6f1/Editor/Data/Managed'
Mono path[1] = 'D:/unity/2021.1.6f1/Editor/Data/MonoBleedingEdge/lib/mono/unityjit'
Mono config path = 'D:/unity/2021.1.6f1/Editor/Data/MonoBleedingEdge/etc'
Using monoOptions --debugger-agent=transport=dt_socket,embedding=1,server=y,suspend=n,address=127.0.0.1:56148
Begin MonoManager ReloadAssembly
Registering precompiled unity dll's ...
Register platform support module: D:/unity/2021.1.6f1/Editor/Data/PlaybackEngines/WindowsStandaloneSupport/UnityEditor.WindowsStandalone.Extensions.dll
Registered in 0.001686 seconds.
Native extension for WindowsStandalone target not found
Refreshing native plugins compatible for Editor in 96.85 ms, found 1 plugins.
Preloading 0 native plugins for Editor in 0.00 ms.
Mono: successfully reloaded assembly
- Completed reload, in  1.115 seconds
Platform modules already initialized, skipping
Registering precompiled user dll's ...
Registered in 0.002807 seconds.
Begin MonoManager ReloadAssembly
Native extension for WindowsStandalone target not found
Refreshing native plugins compatible for Editor in 0.65 ms, found 1 plugins.
Preloading 0 native plugins for Editor in 0.00 ms.
Mono: successfully reloaded assembly
- Completed reload, in  1.196 seconds
Platform modules already initialized, skipping
========================================================================
Worker process is ready to serve import requests
Launched and connected shader compiler UnityShaderCompiler.exe after 0.06 seconds
Refreshing native plugins compatible for Editor in 0.63 ms, found 1 plugins.
Preloading 0 native plugins for Editor in 0.00 ms.
Unloading 2681 Unused Serialized files (Serialized files now loaded: 0)
System memory in use before: 100.2 MB.
System memory in use after: 100.4 MB.

Unloading 14 unused Assets to reduce memory usage. Loaded Objects now: 3135.
Total: 3.090700 ms (FindLiveObjects: 0.436300 ms CreateObjectMapping: 0.157500 ms MarkObjects: 2.406800 ms  DeleteObjects: 0.088100 ms)

========================================================================
Received Import Request.
  path: Assets/UICharacterPanelSprite/shoaib_walk.png
  artifactKey: Guid(d39296662ceb57e4e85cf9eebf283f85) Importer(815301076,1909f56bfc062723c751e8b465ee728b)
Start importing Assets/UICharacterPanelSprite/shoaib_walk.png using Guid(d39296662ceb57e4e85cf9eebf283f85) Importer(815301076,1909f56bfc062723c751e8b465ee728b)  -> (artifact id: '8cf133105e00d4a182c11fcbf9626484') in 0.147591 seconds 
========================================================================
Received Import Request.
  Time since last request: 48.769649 seconds.
  path: Assets/UICharacterPanelSprite/shoaib_walk.png
  artifactKey: Guid(d39296662ceb57e4e85cf9eebf283f85) Importer(815301076,1909f56bfc062723c751e8b465ee728b)
Start importing Assets/UICharacterPanelSprite/shoaib_walk.png using Guid(d39296662ceb57e4e85cf9eebf283f85) Importer(815301076,1909f56bfc062723c751e8b465ee728b)  -> (artifact id: '03158d51ce2bb01c3b1b4d4cbf7e04c6') in 0.075338 seconds 
AssetImportWorkerClient::OnTransportError - code=2 error=End of file
